  MainGame.cpp
C:\Users\CMAP\Documents\github\jusin\수업필기_과제\3개월\01팀프로젝트\01팀플-1일차\01팀플-1일차\MainGame.cpp(64,64): warning C4244: '인수': 'float'에서 'int'(으)로 변환하면서 데이터가 손실될 수 있습니다.
  (소스 파일 '/MainGame.cpp'을(를) 컴파일하는 중)
  
C:\Users\CMAP\Documents\github\jusin\수업필기_과제\3개월\01팀프로젝트\01팀플-1일차\01팀플-1일차\MainGame.cpp(64,48): warning C4244: '인수': 'float'에서 'int'(으)로 변환하면서 데이터가 손실될 수 있습니다.
  (소스 파일 '/MainGame.cpp'을(를) 컴파일하는 중)
  
C:\Users\CMAP\Documents\github\jusin\수업필기_과제\3개월\01팀프로젝트\01팀플-1일차\01팀플-1일차\MainGame.cpp(64,34): warning C4244: '인수': 'float'에서 'int'(으)로 변환하면서 데이터가 손실될 수 있습니다.
  (소스 파일 '/MainGame.cpp'을(를) 컴파일하는 중)
  
C:\Users\CMAP\Documents\github\jusin\수업필기_과제\3개월\01팀프로젝트\01팀플-1일차\01팀플-1일차\MainGame.cpp(64,19): warning C4244: '인수': 'float'에서 'int'(으)로 변환하면서 데이터가 손실될 수 있습니다.
  (소스 파일 '/MainGame.cpp'을(를) 컴파일하는 중)
  
  Player.cpp
C:\Users\CMAP\Documents\github\jusin\수업필기_과제\3개월\01팀프로젝트\01팀플-1일차\01팀플-1일차\Player.cpp(101,48): warning C4244: '인수': 'LONG'에서 'float'(으)로 변환하면서 데이터가 손실될 수 있습니다.
  (소스 파일 '/Player.cpp'을(를) 컴파일하는 중)
  
C:\Users\CMAP\Documents\github\jusin\수업필기_과제\3개월\01팀프로젝트\01팀플-1일차\01팀플-1일차\Player.cpp(101,37): warning C4244: '인수': 'LONG'에서 'float'(으)로 변환하면서 데이터가 손실될 수 있습니다.
  (소스 파일 '/Player.cpp'을(를) 컴파일하는 중)
  
C:\Users\CMAP\Documents\github\jusin\수업필기_과제\3개월\01팀프로젝트\01팀플-1일차\01팀플-1일차\Player.cpp(141,43): warning C4244: '=': 'float'에서 'LONG'(으)로 변환하면서 데이터가 손실될 수 있습니다.
  (소스 파일 '/Player.cpp'을(를) 컴파일하는 중)
  
C:\Users\CMAP\Documents\github\jusin\수업필기_과제\3개월\01팀프로젝트\01팀플-1일차\01팀플-1일차\Player.cpp(142,43): warning C4244: '=': 'float'에서 'LONG'(으)로 변환하면서 데이터가 손실될 수 있습니다.
  (소스 파일 '/Player.cpp'을(를) 컴파일하는 중)
  
  코드를 생성하고 있습니다...
  01팀플-1일차.vcxproj -> C:\Users\CMAP\Documents\github\jusin\수업필기_과제\3개월\01팀프로젝트\01팀플-1일차\x64\Debug\01팀플-1일차.exe
