c:\users\cmap\documents\jusin\textrpg_1\textrpg_1\textrpg_1\x64\debug\textrpg_1.pch
c:\users\cmap\documents\jusin\textrpg_1\textrpg_1\textrpg_1\x64\debug\vc143.pdb
c:\users\cmap\documents\jusin\textrpg_1\textrpg_1\textrpg_1\x64\debug\vc143.idb
c:\users\cmap\documents\jusin\textrpg_1\textrpg_1\textrpg_1\x64\debug\pch.obj
c:\users\cmap\documents\jusin\textrpg_1\textrpg_1\textrpg_1\x64\debug\textrpg_1.obj
c:\users\cmap\documents\jusin\textrpg_1\textrpg_1\textrpg_1\x64\debug\item.obj
c:\users\cmap\documents\jusin\textrpg_1\textrpg_1\textrpg_1\x64\debug\character.obj
c:\users\cmap\documents\jusin\textrpg_1\textrpg_1\textrpg_1\x64\debug\bomb.obj
c:\users\cmap\documents\jusin\textrpg_1\textrpg_1\textrpg_1\x64\debug\monster.obj
c:\users\cmap\documents\jusin\textrpg_1\textrpg_1\textrpg_1\x64\debug\field.obj
c:\users\cmap\documents\jusin\textrpg_1\textrpg_1\textrpg_1\x64\debug\potion.obj
c:\users\cmap\documents\jusin\textrpg_1\textrpg_1\textrpg_1\x64\debug\maingame.obj
c:\users\cmap\documents\jusin\textrpg_1\textrpg_1\textrpg_1\x64\debug\system.obj
c:\users\cmap\documents\jusin\textrpg_1\textrpg_1\textrpg_1\x64\debug\shop.obj
c:\users\cmap\documents\jusin\textrpg_1\textrpg_1\textrpg_1\x64\debug\player.obj
c:\users\cmap\documents\jusin\textrpg_1\textrpg_1\x64\debug\textrpg_1.exe
c:\users\cmap\documents\jusin\textrpg_1\textrpg_1\x64\debug\textrpg_1.pdb
c:\users\cmap\documents\jusin\textrpg_1\textrpg_1\textrpg_1\x64\debug\textrpg_1.ilk
c:\users\cmap\documents\jusin\textrpg_1\textrpg_1\textrpg_1\x64\debug\textrpg_1.tlog\cl.command.1.tlog
c:\users\cmap\documents\jusin\textrpg_1\textrpg_1\textrpg_1\x64\debug\textrpg_1.tlog\cl.items.tlog
c:\users\cmap\documents\jusin\textrpg_1\textrpg_1\textrpg_1\x64\debug\textrpg_1.tlog\cl.read.1.tlog
c:\users\cmap\documents\jusin\textrpg_1\textrpg_1\textrpg_1\x64\debug\textrpg_1.tlog\cl.write.1.tlog
c:\users\cmap\documents\jusin\textrpg_1\textrpg_1\textrpg_1\x64\debug\textrpg_1.tlog\link-cvtres.read.1.tlog
c:\users\cmap\documents\jusin\textrpg_1\textrpg_1\textrpg_1\x64\debug\textrpg_1.tlog\link-cvtres.write.1.tlog
c:\users\cmap\documents\jusin\textrpg_1\textrpg_1\textrpg_1\x64\debug\textrpg_1.tlog\link-rc.read.1.tlog
c:\users\cmap\documents\jusin\textrpg_1\textrpg_1\textrpg_1\x64\debug\textrpg_1.tlog\link-rc.write.1.tlog
c:\users\cmap\documents\jusin\textrpg_1\textrpg_1\textrpg_1\x64\debug\textrpg_1.tlog\link.1540-cvtres.read.1.tlog
c:\users\cmap\documents\jusin\textrpg_1\textrpg_1\textrpg_1\x64\debug\textrpg_1.tlog\link.1540-cvtres.write.1.tlog
c:\users\cmap\documents\jusin\textrpg_1\textrpg_1\textrpg_1\x64\debug\textrpg_1.tlog\link.1540-rc.read.1.tlog
c:\users\cmap\documents\jusin\textrpg_1\textrpg_1\textrpg_1\x64\debug\textrpg_1.tlog\link.1540-rc.write.1.tlog
c:\users\cmap\documents\jusin\textrpg_1\textrpg_1\textrpg_1\x64\debug\textrpg_1.tlog\link.1540.read.1.tlog
c:\users\cmap\documents\jusin\textrpg_1\textrpg_1\textrpg_1\x64\debug\textrpg_1.tlog\link.1540.read.2.tlog
c:\users\cmap\documents\jusin\textrpg_1\textrpg_1\textrpg_1\x64\debug\textrpg_1.tlog\link.1540.read.3.tlog
c:\users\cmap\documents\jusin\textrpg_1\textrpg_1\textrpg_1\x64\debug\textrpg_1.tlog\link.1540.read.4.tlog
c:\users\cmap\documents\jusin\textrpg_1\textrpg_1\textrpg_1\x64\debug\textrpg_1.tlog\link.1540.write.1.tlog
c:\users\cmap\documents\jusin\textrpg_1\textrpg_1\textrpg_1\x64\debug\textrpg_1.tlog\link.command.1.tlog
c:\users\cmap\documents\jusin\textrpg_1\textrpg_1\textrpg_1\x64\debug\textrpg_1.tlog\link.read.1.tlog
c:\users\cmap\documents\jusin\textrpg_1\textrpg_1\textrpg_1\x64\debug\textrpg_1.tlog\link.read.2.tlog
c:\users\cmap\documents\jusin\textrpg_1\textrpg_1\textrpg_1\x64\debug\textrpg_1.tlog\link.read.3.tlog
c:\users\cmap\documents\jusin\textrpg_1\textrpg_1\textrpg_1\x64\debug\textrpg_1.tlog\link.read.4.tlog
c:\users\cmap\documents\jusin\textrpg_1\textrpg_1\textrpg_1\x64\debug\textrpg_1.tlog\link.secondary.1.tlog
c:\users\cmap\documents\jusin\textrpg_1\textrpg_1\textrpg_1\x64\debug\textrpg_1.tlog\link.write.1.tlog
